
> city-walk-end@0.0.1 main /www/wwwroot/default/github/city-walk-end
> cross-env NODE_ENV=production node dist/main

[32m[Nest] 570935  - [39m11/02/2023, 7:38:17 PM [32m    LOG[39m [38;5;3m[NestFactory] [39m[32mStarting Nest application...[39m
[32m[Nest] 570935  - [39m11/02/2023, 7:38:17 PM [32m    LOG[39m [38;5;3m[InstanceLoader] [39m[32mTypeOrmModule dependencies initialized[39m[38;5;3m +65ms[39m
[32m[Nest] 570935  - [39m11/02/2023, 7:38:17 PM [32m    LOG[39m [38;5;3m[InstanceLoader] [39m[32mMailerModule dependencies initialized[39m[38;5;3m +0ms[39m
[32m[Nest] 570935  - [39m11/02/2023, 7:38:17 PM [32m    LOG[39m [38;5;3m[InstanceLoader] [39m[32mMailerCoreModule dependencies initialized[39m[38;5;3m +0ms[39m
[32m[Nest] 570935  - [39m11/02/2023, 7:38:17 PM [32m    LOG[39m [38;5;3m[InstanceLoader] [39m[32mAppModule dependencies initialized[39m[38;5;3m +1ms[39m
[32m[Nest] 570935  - [39m11/02/2023, 7:38:17 PM [32m    LOG[39m [38;5;3m[InstanceLoader] [39m[32mConfigHostModule dependencies initialized[39m[38;5;3m +0ms[39m
[32m[Nest] 570935  - [39m11/02/2023, 7:38:17 PM [32m    LOG[39m [38;5;3m[InstanceLoader] [39m[32mWxModule dependencies initialized[39m[38;5;3m +0ms[39m
[32m[Nest] 570935  - [39m11/02/2023, 7:38:17 PM [32m    LOG[39m [38;5;3m[InstanceLoader] [39m[32mServeStaticModule dependencies initialized[39m[38;5;3m +0ms[39m
[32m[Nest] 570935  - [39m11/02/2023, 7:38:17 PM [32m    LOG[39m [38;5;3m[InstanceLoader] [39m[32mConfigModule dependencies initialized[39m[38;5;3m +0ms[39m
[32m[Nest] 570935  - [39m11/02/2023, 7:38:17 PM [32m    LOG[39m [38;5;3m[InstanceLoader] [39m[32mEmailModule dependencies initialized[39m[38;5;3m +1ms[39m
[32m[Nest] 570935  - [39m11/02/2023, 7:38:17 PM [32m    LOG[39m [38;5;3m[InstanceLoader] [39m[32mTypeOrmCoreModule dependencies initialized[39m[38;5;3m +57ms[39m
[32m[Nest] 570935  - [39m11/02/2023, 7:38:17 PM [32m    LOG[39m [38;5;3m[InstanceLoader] [39m[32mTypeOrmModule dependencies initialized[39m[38;5;3m +0ms[39m
[32m[Nest] 570935  - [39m11/02/2023, 7:38:17 PM [32m    LOG[39m [38;5;3m[InstanceLoader] [39m[32mTypeOrmModule dependencies initialized[39m[38;5;3m +0ms[39m
[32m[Nest] 570935  - [39m11/02/2023, 7:38:17 PM [32m    LOG[39m [38;5;3m[InstanceLoader] [39m[32mTypeOrmModule dependencies initialized[39m[38;5;3m +0ms[39m
[32m[Nest] 570935  - [39m11/02/2023, 7:38:17 PM [32m    LOG[39m [38;5;3m[InstanceLoader] [39m[32mTypeOrmModule dependencies initialized[39m[38;5;3m +0ms[39m
[32m[Nest] 570935  - [39m11/02/2023, 7:38:17 PM [32m    LOG[39m [38;5;3m[InstanceLoader] [39m[32mTypeOrmModule dependencies initialized[39m[38;5;3m +0ms[39m
[32m[Nest] 570935  - [39m11/02/2023, 7:38:17 PM [32m    LOG[39m [38;5;3m[InstanceLoader] [39m[32mFindModule dependencies initialized[39m[38;5;3m +2ms[39m
[32m[Nest] 570935  - [39m11/02/2023, 7:38:17 PM [32m    LOG[39m [38;5;3m[InstanceLoader] [39m[32mGpsModule dependencies initialized[39m[38;5;3m +0ms[39m
[32m[Nest] 570935  - [39m11/02/2023, 7:38:17 PM [32m    LOG[39m [38;5;3m[InstanceLoader] [39m[32mOrganizationModule dependencies initialized[39m[38;5;3m +0ms[39m
[32m[Nest] 570935  - [39m11/02/2023, 7:38:17 PM [32m    LOG[39m [38;5;3m[InstanceLoader] [39m[32mUserModule dependencies initialized[39m[38;5;3m +0ms[39m
[32m[Nest] 570935  - [39m11/02/2023, 7:38:17 PM [32m    LOG[39m [38;5;3m[InstanceLoader] [39m[32mArticlesModule dependencies initialized[39m[38;5;3m +0ms[39m
node:internal/fs/sync:78
  return binding.openSync(
                 ^

Error: ENOENT: no such file or directory, open '/www/wwwroot/github/ssl/world.tianyuhao.cn.key'
    at Object.open (node:internal/fs/sync:78:18)
    at Object.openSync (node:fs:565:17)
    at Object.readFileSync (node:fs:445:35)
    at bootstrap (/www/wwwroot/default/github/city-walk-end/dist/main.js:30:21)
    at process.processTicksAndRejections (node:internal/process/task_queues:95:5) {
  errno: -2,
  code: 'ENOENT',
  syscall: 'open',
  path: '/www/wwwroot/github/ssl/world.tianyuhao.cn.key'
}

Node.js v20.9.0
 ELIFECYCLE  Command failed with exit code 1.
